[2025-12-16 14:15:42] Abrindo link: https://app.vcx.solutions/sonar/recursos-e-pessoas/ativo/QXNzZXQ6MzM0ODA=/info/
[2025-12-16 14:15:46] Link carregado: https://app.vcx.solutions/sonar/recursos-e-pessoas/ativo/QXNzZXQ6MzM0ODA=/info/
[2025-12-16 14:15:54] VCX: Reenvio acionado com sucesso
[2025-12-16 14:16:02] Teams: alternando para enviar mensagem a ALAN MENDES GARCIA
[2025-12-16 14:16:35] Teams: mensagem enviada para ALAN MENDES GARCIA
[2025-12-16 14:16:35] Abrindo link: https://app.vcx.solutions/sonar/recursos-e-pessoas/ativo/QXNzZXQ6NTI1NDU=/info/
[2025-12-16 14:16:40] Link carregado: https://app.vcx.solutions/sonar/recursos-e-pessoas/ativo/QXNzZXQ6NTI1NDU=/info/
[2025-12-16 14:17:16] VCX: Nenhum botão de reenvio encontrado - já assinado
[2025-12-16 14:17:16] Abrindo link: https://app.vcx.solutions/sonar/recursos-e-pessoas/ativo/QXNzZXQ6MzM5NzM=/info/
[2025-12-16 14:17:23] Link carregado: https://app.vcx.solutions/sonar/recursos-e-pessoas/ativo/QXNzZXQ6MzM5NzM=/info/
[2025-12-16 14:17:32] VCX: Reenvio acionado com sucesso
[2025-12-16 14:17:32] Teams: alternando para enviar mensagem a ANTONIO MARCOS LIMA CANDIDO
[2025-12-16 14:18:23] Teams: mensagem enviada para ANTONIO MARCOS LIMA CANDIDO
[2025-12-16 14:18:23] Abrindo link: https://app.vcx.solutions/sonar/recursos-e-pessoas/ativo/QXNzZXQ6MzM1Nzc=/info/
[2025-12-16 14:18:27] Link carregado: https://app.vcx.solutions/sonar/recursos-e-pessoas/ativo/QXNzZXQ6MzM1Nzc=/info/
[2025-12-16 14:18:36] VCX: Reenvio acionado com sucesso
[2025-12-16 14:18:36] Teams: alternando para enviar mensagem a DANILO RODRIGUES MIKOTA
[2025-12-16 14:19:18] Abrindo link: https://app.vcx.solutions/sonar/recursos-e-pessoas/ativo/QXNzZXQ6MzM1NTE=/info/
[2025-12-16 14:19:21] Link carregado: https://app.vcx.solutions/sonar/recursos-e-pessoas/ativo/QXNzZXQ6MzM1NTE=/info/
[2025-12-16 14:19:29] VCX: Reenvio acionado com sucesso
[2025-12-16 14:19:29] Teams: alternando para enviar mensagem a DERVAL DE SANTANA SANTOS
[2025-12-16 14:20:13] Teams: mensagem enviada para DERVAL DE SANTANA SANTOS
[2025-12-16 14:20:13] Abrindo link: https://app.vcx.solutions/sonar/recursos-e-pessoas/ativo/QXNzZXQ6ODI2Mjg=/info/
[2025-12-16 14:20:17] Link carregado: https://app.vcx.solutions/sonar/recursos-e-pessoas/ativo/QXNzZXQ6ODI2Mjg=/info/
[2025-12-16 14:20:53] VCX: Nenhum botão de reenvio encontrado - já assinado
[2025-12-16 14:20:53] Abrindo link: https://app.vcx.solutions/sonar/recursos-e-pessoas/ativo/QXNzZXQ6ODQxMjc=/info/
[2025-12-16 14:20:58] Link carregado: https://app.vcx.solutions/sonar/recursos-e-pessoas/ativo/QXNzZXQ6ODQxMjc=/info/
[2025-12-16 14:21:34] VCX: Nenhum botão de reenvio encontrado - já assinado
[2025-12-16 14:21:34] Abrindo link: https://app.vcx.solutions/sonar/recursos-e-pessoas/ativo/QXNzZXQ6MzM2NDE=/info/
[2025-12-16 14:21:39] Link carregado: https://app.vcx.solutions/sonar/recursos-e-pessoas/ativo/QXNzZXQ6MzM2NDE=/info/
[2025-12-16 14:21:49] VCX: Reenvio acionado com sucesso
[2025-12-16 14:21:49] Teams: alternando para enviar mensagem a EDUARDO ANTONIO DE CARVALHO
[2025-12-16 14:22:35] Teams: mensagem enviada para EDUARDO ANTONIO DE CARVALHO
[2025-12-16 14:22:35] Abrindo link: https://app.vcx.solutions/sonar/recursos-e-pessoas/ativo/QXNzZXQ6MzM5NzI=/info/
[2025-12-16 14:22:40] Link carregado: https://app.vcx.solutions/sonar/recursos-e-pessoas/ativo/QXNzZXQ6MzM5NzI=/info/
[2025-12-16 14:23:16] VCX: Nenhum botão de reenvio encontrado - já assinado
[2025-12-16 14:23:16] Abrindo link: https://app.vcx.solutions/sonar/recursos-e-pessoas/ativo/QXNzZXQ6NjM5NDA=/info/
[2025-12-16 14:23:21] Link carregado: https://app.vcx.solutions/sonar/recursos-e-pessoas/ativo/QXNzZXQ6NjM5NDA=/info/
[2025-12-16 14:23:31] VCX: Reenvio acionado com sucesso
[2025-12-16 14:23:31] Teams: alternando para enviar mensagem a FERNANDA APARECIDA OLIVEIRA DE MORAES
[2025-12-16 14:24:13] Abrindo link: https://app.vcx.solutions/sonar/recursos-e-pessoas/ativo/QXNzZXQ6MzM3NjA=/info/
[2025-12-16 14:24:18] Link carregado: https://app.vcx.solutions/sonar/recursos-e-pessoas/ativo/QXNzZXQ6MzM3NjA=/info/
[2025-12-16 14:24:29] VCX: Reenvio acionado com sucesso
[2025-12-16 14:24:29] Teams: alternando para enviar mensagem a FERNANDO BUENO DE OLIVEIRA FILHO
[2025-12-16 14:25:18] Teams: mensagem enviada para FERNANDO BUENO DE OLIVEIRA FILHO
[2025-12-16 14:25:18] Abrindo link: https://app.vcx.solutions/sonar/recursos-e-pessoas/ativo/QXNzZXQ6MzM2NDY=/info/
[2025-12-16 14:25:27] Link carregado: https://app.vcx.solutions/sonar/recursos-e-pessoas/ativo/QXNzZXQ6MzM2NDY=/info/
[2025-12-16 14:25:37] VCX: Reenvio acionado com sucesso
[2025-12-16 14:25:37] Teams: alternando para enviar mensagem a GUILHERME BALSANELI CRUZ
